<?xml version="1.0" encoding="UTF-8"?>
<!-- Generated by org.testng.reporters.JUnitXMLReporter -->
<testsuite hostname="DESKTOP-J6M0BK6" ignored="0" name="Testing on Chrome" tests="6" failures="0" timestamp="2022-05-22T12:48:18 CEST" time="99.063" errors="0">
  <testcase name="runScenario" time="19.883" classname="io.cucumber.testng.AbstractTestNGCucumberTests"/>
  <testcase name="runScenario" time="10.295" classname="io.cucumber.testng.AbstractTestNGCucumberTests"/>
  <testcase name="runScenario" time="8.524" classname="io.cucumber.testng.AbstractTestNGCucumberTests"/>
  <testcase name="runScenario" time="9.883" classname="io.cucumber.testng.AbstractTestNGCucumberTests"/>
  <testcase name="runScenario" time="22.523" classname="io.cucumber.testng.AbstractTestNGCucumberTests"/>
  <testcase name="runScenario" time="24.427" classname="io.cucumber.testng.AbstractTestNGCucumberTests"/>
</testsuite> <!-- Testing on Chrome -->
