<?xml version="1.0" encoding="UTF-8"?>
<testng-results skipped="0" failed="0" ignored="0" total="6" passed="6">
  <reporter-output>
  </reporter-output>
  <suite name="My Demo Project" duration-ms="99063" started-at="2022-05-22T12:46:39 CEST" finished-at="2022-05-22T12:48:18 CEST">
    <groups>
      <group name="cucumber">
        <method signature="AbstractTestNGCucumberTests.runScenario(io.cucumber.testng.PickleWrapper,io.cucumber.testng.FeatureWrapper)[pri:0, instance:runner.TestRunnerCucumber@365185bd]" name="runScenario" class="io.cucumber.testng.AbstractTestNGCucumberTests"/>
      </group> <!-- cucumber -->
    </groups>
    <test name="Testing on Chrome" duration-ms="99063" started-at="2022-05-22T12:46:39 CEST" finished-at="2022-05-22T12:48:18 CEST">
      <class name="runner.TestRunnerCucumber">
        <test-method status="PASS" signature="setUpClass(org.testng.ITestContext)[pri:0, instance:runner.TestRunnerCucumber@365185bd]" name="setUpClass" is-config="true" duration-ms="783" started-at="2022-05-22T12:46:39 CEST" finished-at="2022-05-22T12:46:40 CEST">
          <params>
            <param index="0">
              <value>
                <![CDATA[org.testng.TestRunner@53ea380b]]>
              </value>
            </param>
          </params>
          <reporter-output>
          </reporter-output>
        </test-method> <!-- setUpClass -->
        <test-method status="PASS" signature="runScenario(io.cucumber.testng.PickleWrapper,io.cucumber.testng.FeatureWrapper)[pri:0, instance:runner.TestRunnerCucumber@365185bd]" name="runScenario" duration-ms="19883" started-at="2022-05-22T12:46:40 CEST" description="Runs Cucumber Scenarios" data-provider="scenarios" finished-at="2022-05-22T12:47:00 CEST">
          <params>
            <param index="0">
              <value>
                <![CDATA["Contact Customer Care for Product Inquiry"]]>
              </value>
            </param>
            <param index="1">
              <value>
                <![CDATA["Optional[Contact Customer Care for Product Inquiry]"]]>
              </value>
            </param>
          </params>
          <reporter-output>
          </reporter-output>
        </test-method> <!-- runScenario -->
        <test-method status="PASS" signature="runScenario(io.cucumber.testng.PickleWrapper,io.cucumber.testng.FeatureWrapper)[pri:0, instance:runner.TestRunnerCucumber@365185bd]" name="runScenario" duration-ms="10295" started-at="2022-05-22T12:47:00 CEST" description="Runs Cucumber Scenarios" data-provider="scenarios" finished-at="2022-05-22T12:47:10 CEST">
          <params>
            <param index="0">
              <value>
                <![CDATA["Login to site with valid username and valid password"]]>
              </value>
            </param>
            <param index="1">
              <value>
                <![CDATA["Optional[Verify Login Page Scenarios]"]]>
              </value>
            </param>
          </params>
          <reporter-output>
          </reporter-output>
        </test-method> <!-- runScenario -->
        <test-method status="PASS" signature="runScenario(io.cucumber.testng.PickleWrapper,io.cucumber.testng.FeatureWrapper)[pri:0, instance:runner.TestRunnerCucumber@365185bd]" name="runScenario" duration-ms="8524" started-at="2022-05-22T12:47:10 CEST" description="Runs Cucumber Scenarios" data-provider="scenarios" finished-at="2022-05-22T12:47:19 CEST">
          <params>
            <param index="0">
              <value>
                <![CDATA["Verify title of Login page"]]>
              </value>
            </param>
            <param index="1">
              <value>
                <![CDATA["Optional[Verify Login Page Scenarios]"]]>
              </value>
            </param>
          </params>
          <reporter-output>
          </reporter-output>
        </test-method> <!-- runScenario -->
        <test-method status="PASS" signature="runScenario(io.cucumber.testng.PickleWrapper,io.cucumber.testng.FeatureWrapper)[pri:0, instance:runner.TestRunnerCucumber@365185bd]" name="runScenario" duration-ms="9883" started-at="2022-05-22T12:47:19 CEST" description="Runs Cucumber Scenarios" data-provider="scenarios" finished-at="2022-05-22T12:47:29 CEST">
          <params>
            <param index="0">
              <value>
                <![CDATA["Subscribe to the newsletter"]]>
              </value>
            </param>
            <param index="1">
              <value>
                <![CDATA["Optional[Subscribe to the newsletter]"]]>
              </value>
            </param>
          </params>
          <reporter-output>
          </reporter-output>
        </test-method> <!-- runScenario -->
        <test-method status="PASS" signature="runScenario(io.cucumber.testng.PickleWrapper,io.cucumber.testng.FeatureWrapper)[pri:0, instance:runner.TestRunnerCucumber@365185bd]" name="runScenario" duration-ms="22523" started-at="2022-05-22T12:47:29 CEST" description="Runs Cucumber Scenarios" data-provider="scenarios" finished-at="2022-05-22T12:47:51 CEST">
          <params>
            <param index="0">
              <value>
                <![CDATA["Place order for first product"]]>
              </value>
            </param>
            <param index="1">
              <value>
                <![CDATA["Optional[Purchase first product]"]]>
              </value>
            </param>
          </params>
          <reporter-output>
          </reporter-output>
        </test-method> <!-- runScenario -->
        <test-method status="PASS" signature="runScenario(io.cucumber.testng.PickleWrapper,io.cucumber.testng.FeatureWrapper)[pri:0, instance:runner.TestRunnerCucumber@365185bd]" name="runScenario" duration-ms="24427" started-at="2022-05-22T12:47:51 CEST" description="Runs Cucumber Scenarios" data-provider="scenarios" finished-at="2022-05-22T12:48:16 CEST">
          <params>
            <param index="0">
              <value>
                <![CDATA["Place order for casual dress"]]>
              </value>
            </param>
            <param index="1">
              <value>
                <![CDATA["Optional[Purchase first product]"]]>
              </value>
            </param>
          </params>
          <reporter-output>
          </reporter-output>
        </test-method> <!-- runScenario -->
        <test-method status="PASS" signature="tearDownClass()[pri:0, instance:runner.TestRunnerCucumber@365185bd]" name="tearDownClass" is-config="true" duration-ms="2708" started-at="2022-05-22T12:48:16 CEST" finished-at="2022-05-22T12:48:18 CEST">
          <reporter-output>
          </reporter-output>
        </test-method> <!-- tearDownClass -->
      </class> <!-- runner.TestRunnerCucumber -->
    </test> <!-- Testing on Chrome -->
  </suite> <!-- My Demo Project -->
</testng-results>
