<?xml version="1.0" encoding="UTF-8"?>
<testng-results skipped="0" failed="0" ignored="0" total="4" passed="4">
  <reporter-output>
  </reporter-output>
  <suite name="Default suite" duration-ms="137605" started-at="2022-05-18T10:47:27 CEST" finished-at="2022-05-18T10:49:45 CEST">
    <groups>
      <group name="cucumber">
        <method signature="AbstractTestNGCucumberTests.runScenario(io.cucumber.testng.PickleWrapper,io.cucumber.testng.FeatureWrapper)[pri:0, instance:runner.TestRunnerCucumber@15bfd87]" name="runScenario" class="io.cucumber.testng.AbstractTestNGCucumberTests"/>
      </group> <!-- cucumber -->
    </groups>
    <test name="Default test" duration-ms="137605" started-at="2022-05-18T10:47:27 CEST" finished-at="2022-05-18T10:49:45 CEST">
      <class name="runner.TestRunnerCucumber">
        <test-method status="PASS" signature="setUpClass(org.testng.ITestContext)[pri:0, instance:runner.TestRunnerCucumber@15bfd87]" name="setUpClass" is-config="true" duration-ms="910" started-at="2022-05-18T10:47:27 CEST" finished-at="2022-05-18T10:47:28 CEST">
          <params>
            <param index="0">
              <value>
                <![CDATA[org.testng.TestRunner@492be039]]>
              </value>
            </param>
          </params>
          <reporter-output>
          </reporter-output>
        </test-method> <!-- setUpClass -->
        <test-method status="PASS" signature="runScenario(io.cucumber.testng.PickleWrapper,io.cucumber.testng.FeatureWrapper)[pri:0, instance:runner.TestRunnerCucumber@15bfd87]" name="runScenario" duration-ms="12708" started-at="2022-05-18T10:47:28 CEST" description="Runs Cucumber Scenarios" data-provider="scenarios" finished-at="2022-05-18T10:47:41 CEST">
          <params>
            <param index="0">
              <value>
                <![CDATA["Contact Customer Care for Product Inquiry"]]>
              </value>
            </param>
            <param index="1">
              <value>
                <![CDATA["Optional[Purchase first product]"]]>
              </value>
            </param>
          </params>
          <reporter-output>
          </reporter-output>
        </test-method> <!-- runScenario -->
        <test-method status="PASS" signature="runScenario(io.cucumber.testng.PickleWrapper,io.cucumber.testng.FeatureWrapper)[pri:0, instance:runner.TestRunnerCucumber@15bfd87]" name="runScenario" duration-ms="19954" started-at="2022-05-18T10:47:41 CEST" description="Runs Cucumber Scenarios" data-provider="scenarios" finished-at="2022-05-18T10:48:01 CEST">
          <params>
            <param index="0">
              <value>
                <![CDATA["Login to site with valid username and valid password"]]>
              </value>
            </param>
            <param index="1">
              <value>
                <![CDATA["Optional[Verify Login Page Scenarios]"]]>
              </value>
            </param>
          </params>
          <reporter-output>
          </reporter-output>
        </test-method> <!-- runScenario -->
        <test-method status="PASS" signature="runScenario(io.cucumber.testng.PickleWrapper,io.cucumber.testng.FeatureWrapper)[pri:0, instance:runner.TestRunnerCucumber@15bfd87]" name="runScenario" duration-ms="7708" started-at="2022-05-18T10:48:01 CEST" description="Runs Cucumber Scenarios" data-provider="scenarios" finished-at="2022-05-18T10:48:09 CEST">
          <params>
            <param index="0">
              <value>
                <![CDATA["Verify title of Login page"]]>
              </value>
            </param>
            <param index="1">
              <value>
                <![CDATA["Optional[Verify Login Page Scenarios]"]]>
              </value>
            </param>
          </params>
          <reporter-output>
          </reporter-output>
        </test-method> <!-- runScenario -->
        <test-method status="PASS" signature="runScenario(io.cucumber.testng.PickleWrapper,io.cucumber.testng.FeatureWrapper)[pri:0, instance:runner.TestRunnerCucumber@15bfd87]" name="runScenario" duration-ms="94977" started-at="2022-05-18T10:48:09 CEST" description="Runs Cucumber Scenarios" data-provider="scenarios" finished-at="2022-05-18T10:49:44 CEST">
          <params>
            <param index="0">
              <value>
                <![CDATA["Place order for first product"]]>
              </value>
            </param>
            <param index="1">
              <value>
                <![CDATA["Optional[Purchase first product]"]]>
              </value>
            </param>
          </params>
          <reporter-output>
          </reporter-output>
        </test-method> <!-- runScenario -->
        <test-method status="PASS" signature="tearDownClass()[pri:0, instance:runner.TestRunnerCucumber@15bfd87]" name="tearDownClass" is-config="true" duration-ms="1270" started-at="2022-05-18T10:49:44 CEST" finished-at="2022-05-18T10:49:45 CEST">
          <reporter-output>
          </reporter-output>
        </test-method> <!-- tearDownClass -->
      </class> <!-- runner.TestRunnerCucumber -->
    </test> <!-- Default test -->
  </suite> <!-- Default suite -->
</testng-results>
